0 verbose cli C:\Program Files\nodejs\node.exe C:\Program Files\nodejs\node_modules\npm\bin\npm-cli.js
1 info using npm@10.9.2
2 info using node@v22.13.1
3 silly config load:file:C:\Program Files\nodejs\node_modules\npm\npmrc
4 silly config load:file:C:\Users\tives\Documents\projects\react\ogalandlord\.npmrc
5 silly config load:file:C:\Users\tives\.npmrc
6 silly config load:file:C:\Users\tives\Documents\projects\react\ogalandlord\tivesmynameAppDataRoamingnpm-cache\etc\npmrc
7 verbose title npm i @tanstack/react-query
8 verbose argv "i" "@tanstack/react-query"
9 verbose logfile logs-max:10 dir:C:\Users\tives\Documents\projects\react\ogalandlord\tivesmynameAppDataRoamingnpm-cache\_logs\2025-08-28T01_50_46_727Z-
10 verbose logfile C:\Users\tives\Documents\projects\react\ogalandlord\tivesmynameAppDataRoamingnpm-cache\_logs\2025-08-28T01_50_46_727Z-debug-0.log
11 silly logfile start cleaning logs, removing 2 files
12 silly packumentCache heap:2197815296 maxSize:549453824 maxEntrySize:274726912
13 silly logfile done cleaning log files
14 silly idealTree buildDeps
15 silly fetch manifest @tanstack/react-query@*
16 silly packumentCache full:https://registry.npmjs.org/@tanstack%2freact-query cache-miss
17 http fetch GET 200 https://registry.npmjs.org/@tanstack%2freact-query 1250ms (cache miss)
18 silly packumentCache full:https://registry.npmjs.org/@tanstack%2freact-query set size:undefined disposed:false
19 silly fetch manifest react@^18
20 silly packumentCache full:https://registry.npmjs.org/react cache-miss
21 http fetch GET 200 https://registry.npmjs.org/react 623ms (cache miss)
22 silly packumentCache full:https://registry.npmjs.org/react set size:undefined disposed:false
23 silly placeDep ROOT @tanstack/react-query@5.85.5 OK for: ogalandlord@0.1.0 want: *
24 silly fetch manifest @tanstack/query-core@5.85.5
25 silly packumentCache full:https://registry.npmjs.org/@tanstack%2fquery-core cache-miss
26 http fetch GET 200 https://registry.npmjs.org/@tanstack%2fquery-core 312ms (cache miss)
27 silly packumentCache full:https://registry.npmjs.org/@tanstack%2fquery-core set size:undefined disposed:false
28 silly placeDep ROOT @tanstack/query-core@5.85.5 OK for: @tanstack/react-query@5.85.5 want: 5.85.5
29 silly reify moves {}
30 silly audit bulk request {
30 silly audit   '@eslint-community/eslint-utils': [ '4.4.0' ],
30 silly audit   '@eslint-community/regexpp': [ '4.11.0' ],
30 silly audit   '@eslint/eslintrc': [ '2.1.4' ],
30 silly audit   '@eslint/js': [ '8.57.0' ],
30 silly audit   '@fastify/busboy': [ '2.1.1' ],
30 silly audit   '@firebase/analytics': [ '0.10.5' ],
30 silly audit   '@firebase/analytics-compat': [ '0.2.11' ],
30 silly audit   '@firebase/analytics-types': [ '0.8.2' ],
30 silly audit   '@firebase/app': [ '0.10.6' ],
30 silly audit   '@firebase/app-check': [ '0.8.5' ],
30 silly audit   '@firebase/app-check-compat': [ '0.3.12' ],
30 silly audit   '@firebase/app-check-interop-types': [ '0.3.2' ],
30 silly audit   '@firebase/app-check-types': [ '0.5.2' ],
30 silly audit   '@firebase/app-compat': [ '0.2.36' ],
30 silly audit   '@firebase/app-types': [ '0.9.2' ],
30 silly audit   '@firebase/auth-compat': [ '0.5.10' ],
30 silly audit   '@firebase/auth': [ '1.7.5' ],
30 silly audit   '@firebase/auth-interop-types': [ '0.2.3' ],
30 silly audit   '@firebase/auth-types': [ '0.12.2' ],
30 silly audit   '@firebase/component': [ '0.6.8' ],
30 silly audit   '@firebase/database': [ '1.0.6' ],
30 silly audit   '@firebase/database-compat': [ '1.0.6' ],
30 silly audit   '@firebase/database-types': [ '1.0.4' ],
30 silly audit   '@firebase/firestore': [ '4.6.4' ],
30 silly audit   '@firebase/firestore-compat': [ '0.3.33' ],
30 silly audit   '@firebase/firestore-types': [ '3.0.2' ],
30 silly audit   '@firebase/functions': [ '0.11.6' ],
30 silly audit   '@firebase/functions-compat': [ '0.3.12' ],
30 silly audit   '@firebase/functions-types': [ '0.6.2' ],
30 silly audit   '@firebase/installations': [ '0.6.8' ],
30 silly audit   '@firebase/installations-compat': [ '0.2.8' ],
30 silly audit   '@firebase/installations-types': [ '0.5.2' ],
30 silly audit   '@firebase/logger': [ '0.4.2' ],
30 silly audit   '@firebase/messaging': [ '0.12.10' ],
30 silly audit   '@firebase/messaging-compat': [ '0.2.10' ],
30 silly audit   '@firebase/messaging-interop-types': [ '0.2.2' ],
30 silly audit   '@firebase/performance': [ '0.6.8' ],
30 silly audit   '@firebase/performance-compat': [ '0.2.8' ],
30 silly audit   '@firebase/performance-types': [ '0.2.2' ],
30 silly audit   '@firebase/remote-config': [ '0.4.8' ],
30 silly audit   '@firebase/remote-config-compat': [ '0.2.8' ],
30 silly audit   '@firebase/remote-config-types': [ '0.3.2' ],
30 silly audit   '@firebase/storage': [ '0.12.6' ],
30 silly audit   '@firebase/storage-compat': [ '0.3.9' ],
30 silly audit   '@firebase/storage-types': [ '0.8.2' ],
30 silly audit   '@firebase/util': [ '1.9.7' ],
30 silly audit   '@firebase/vertexai-preview': [ '0.0.3' ],
30 silly audit   '@firebase/webchannel-wrapper': [ '1.0.1' ],
30 silly audit   '@grpc/grpc-js': [ '1.9.15' ],
30 silly audit   '@grpc/proto-loader': [ '0.7.13' ],
30 silly audit   '@humanwhocodes/config-array': [ '0.11.14' ],
30 silly audit   '@humanwhocodes/module-importer': [ '1.0.1' ],
30 silly audit   '@humanwhocodes/object-schema': [ '2.0.3' ],
30 silly audit   '@isaacs/cliui': [ '8.0.2' ],
30 silly audit   'ansi-regex': [ '6.0.1', '5.0.1' ],
30 silly audit   'strip-ansi': [ '7.1.0', '6.0.1' ],
30 silly audit   '@next/env': [ '14.2.4', '13.5.6' ],
30 silly audit   '@next/eslint-plugin-next': [ '14.2.4' ],
30 silly audit   '@next/swc-darwin-arm64': [ '14.2.4', '13.5.6' ],
30 silly audit   '@next/swc-darwin-x64': [ '14.2.4', '13.5.6' ],
30 silly audit   '@next/swc-linux-arm64-gnu': [ '14.2.4', '13.5.6' ],
30 silly audit   '@next/swc-linux-arm64-musl': [ '14.2.4', '13.5.6' ],
30 silly audit   '@next/swc-linux-x64-gnu': [ '14.2.4', '13.5.6' ],
30 silly audit   '@next/swc-linux-x64-musl': [ '14.2.4', '13.5.6' ],
30 silly audit   '@next/swc-win32-arm64-msvc': [ '14.2.4', '13.5.6' ],
30 silly audit   '@next/swc-win32-ia32-msvc': [ '14.2.4', '13.5.6' ],
30 silly audit   '@next/swc-win32-x64-msvc': [ '14.2.4', '13.5.6' ],
30 silly audit   '@nodelib/fs.scandir': [ '2.1.5' ],
30 silly audit   '@nodelib/fs.stat': [ '2.0.5' ],
30 silly audit   '@nodelib/fs.walk': [ '1.2.8' ],
30 silly audit   '@one-ini/wasm': [ '0.1.1' ],
30 silly audit   '@pkgjs/parseargs': [ '0.11.0' ],
30 silly audit   '@protobufjs/aspromise': [ '1.1.2' ],
30 silly audit   '@protobufjs/base64': [ '1.1.2' ],
30 silly audit   '@protobufjs/codegen': [ '2.0.4' ],
30 silly audit   '@protobufjs/eventemitter': [ '1.1.0' ],
30 silly audit   '@protobufjs/fetch': [ '1.1.0' ],
30 silly audit   '@protobufjs/float': [ '1.0.2' ],
30 silly audit   '@protobufjs/inquire': [ '1.1.0' ],
30 silly audit   '@protobufjs/path': [ '1.1.2' ],
30 silly audit   '@protobufjs/pool': [ '1.1.0' ],
30 silly audit   '@protobufjs/utf8': [ '1.1.0' ],
30 silly audit   '@react-email/render': [ '0.0.15' ],
30 silly audit   '@reduxjs/toolkit': [ '2.2.6' ],
30 silly audit   '@rushstack/eslint-patch': [ '1.10.3' ],
30 silly audit   '@selderee/plugin-htmlparser2': [ '0.11.0' ],
30 silly audit   '@swc/counter': [ '0.1.3' ],
30 silly audit   '@swc/helpers': [ '0.5.5', '0.5.2' ],
30 silly audit   '@types/json5': [ '0.0.29' ],
30 silly audit   '@types/node': [ '20.14.10' ],
30 silly audit   '@types/use-sync-external-store': [ '0.0.3' ],
30 silly audit   '@typescript-eslint/parser': [ '7.2.0' ],
30 silly audit   '@typescript-eslint/scope-manager': [ '7.2.0' ],
30 silly audit   '@typescript-eslint/types': [ '7.2.0' ],
30 silly audit   '@typescript-eslint/typescript-estree': [ '7.2.0' ],
30 silly audit   'brace-expansion': [ '2.0.1', '1.1.11' ],
30 silly audit   minimatch: [ '9.0.3', '9.0.1', '9.0.5', '3.1.2' ],
30 silly audit   '@typescript-eslint/visitor-keys': [ '7.2.0' ],
30 silly audit   '@ungap/structured-clone': [ '1.2.0' ],
30 silly audit   abbrev: [ '2.0.0' ],
30 silly audit   acorn: [ '8.12.1' ],
30 silly audit   'acorn-jsx': [ '5.3.2' ],
30 silly audit   ajv: [ '6.12.6' ],
30 silly audit   'ansi-styles': [ '4.3.0', '6.2.1' ],
30 silly audit   anymatch: [ '3.1.3' ],
30 silly audit   argparse: [ '2.0.1' ],
30 silly audit   'aria-query': [ '5.1.3' ],
30 silly audit   'array-buffer-byte-length': [ '1.0.1' ],
30 silly audit   'array-includes': [ '3.1.8' ],
30 silly audit   'array-union': [ '2.1.0' ],
30 silly audit   'array.prototype.findlast': [ '1.2.5' ],
30 silly audit   'array.prototype.findlastindex': [ '1.2.5' ],
30 silly audit   'array.prototype.flat': [ '1.3.2' ],
30 silly audit   'array.prototype.flatmap': [ '1.3.2' ],
30 silly audit   'array.prototype.toreversed': [ '1.1.2' ],
30 silly audit   'array.prototype.tosorted': [ '1.1.4' ],
30 silly audit   'arraybuffer.prototype.slice': [ '1.0.3' ],
30 silly audit   'ast-types-flow': [ '0.0.8' ],
30 silly audit   asynckit: [ '0.4.0' ],
30 silly audit   'available-typed-arrays': [ '1.0.7' ],
30 silly audit   'axe-core': [ '4.9.1' ],
30 silly audit   axios: [ '1.7.2' ],
30 silly audit   'axobject-query': [ '3.1.1' ],
30 silly audit   'balanced-match': [ '1.0.2' ],
30 silly audit   'binary-extensions': [ '2.3.0' ],
30 silly audit   braces: [ '3.0.3' ],
30 silly audit   busboy: [ '1.6.0' ],
30 silly audit   'call-bind': [ '1.0.7' ],
30 silly audit   callsites: [ '3.1.0' ],
30 silly audit   'caniuse-lite': [ '1.0.30001640' ],
30 silly audit   chalk: [ '4.1.2' ],
30 silly audit   chokidar: [ '3.6.0' ],
30 silly audit   'glob-parent': [ '5.1.2', '6.0.2' ],
30 silly audit   'client-only': [ '0.0.1' ],
30 silly audit   cliui: [ '8.0.1' ],
30 silly audit   'emoji-regex': [ '8.0.0', '9.2.2' ],
30 silly audit   'string-width': [ '4.2.3', '5.1.2' ],
30 silly audit   'wrap-ansi': [ '7.0.0', '8.1.0' ],
30 silly audit   clsx: [ '2.1.1' ],
30 silly audit   'color-convert': [ '2.0.1' ],
30 silly audit   'color-name': [ '1.1.4' ],
30 silly audit   'combined-stream': [ '1.0.8' ],
30 silly audit   commander: [ '10.0.1' ],
30 silly audit   'concat-map': [ '0.0.1' ],
30 silly audit   'config-chain': [ '1.1.13' ],
30 silly audit   'cross-spawn': [ '7.0.3' ],
30 silly audit   'damerau-levenshtein': [ '1.0.8' ],
30 silly audit   'data-view-buffer': [ '1.0.1' ],
30 silly audit   'data-view-byte-length': [ '1.0.1' ],
30 silly audit   'data-view-byte-offset': [ '1.0.0' ],
30 silly audit   debug: [ '4.3.5', '3.2.7' ],
30 silly audit   'deep-diff': [ '0.3.8' ],
30 silly audit   'deep-equal': [ '2.2.3' ],
30 silly audit   'deep-is': [ '0.1.4' ],
30 silly audit   deepmerge: [ '4.3.1' ],
30 silly audit   'define-data-property': [ '1.1.4' ],
30 silly audit   'define-properties': [ '1.2.1' ],
30 silly audit   'delayed-stream': [ '1.0.0' ],
30 silly audit   'dir-glob': [ '3.0.1' ],
30 silly audit   doctrine: [ '3.0.0', '2.1.0' ],
30 silly audit   'dom-serializer': [ '2.0.0' ],
30 silly audit   domelementtype: [ '2.3.0' ],
30 silly audit   domhandler: [ '5.0.3' ],
30 silly audit   domutils: [ '3.1.0' ],
30 silly audit   eastasianwidth: [ '0.2.0' ],
30 silly audit   editorconfig: [ '1.0.4' ],
30 silly audit   'enhanced-resolve': [ '5.17.0' ],
30 silly audit   entities: [ '4.5.0' ],
30 silly audit   'es-abstract': [ '1.23.3' ],
30 silly audit   'es-define-property': [ '1.0.0' ],
30 silly audit   'es-errors': [ '1.3.0' ],
30 silly audit   'es-get-iterator': [ '1.1.3' ],
30 silly audit   'es-iterator-helpers': [ '1.0.19' ],
30 silly audit   'es-object-atoms': [ '1.0.0' ],
30 silly audit   'es-set-tostringtag': [ '2.0.3' ],
30 silly audit   'es-shim-unscopables': [ '1.0.2' ],
30 silly audit   'es-to-primitive': [ '1.2.1' ],
30 silly audit   escalade: [ '3.1.2' ],
30 silly audit   'escape-string-regexp': [ '4.0.0' ],
30 silly audit   eslint: [ '8.57.0' ],
30 silly audit   'eslint-config-next': [ '14.2.4' ],
30 silly audit   'eslint-import-resolver-node': [ '0.3.9' ],
30 silly audit   'eslint-import-resolver-typescript': [ '3.6.1' ],
30 silly audit   'eslint-module-utils': [ '2.8.1' ],
30 silly audit   'eslint-plugin-import': [ '2.29.1' ],
30 silly audit   semver: [ '6.3.1', '7.6.2' ],
30 silly audit   'eslint-plugin-jsx-a11y': [ '6.9.0' ],
30 silly audit   'eslint-plugin-react': [ '7.34.3' ],
30 silly audit   'eslint-plugin-react-hooks': [ '4.6.2' ],
30 silly audit   resolve: [ '2.0.0-next.5', '1.22.8' ],
30 silly audit   'eslint-scope': [ '7.2.2' ],
30 silly audit   'eslint-visitor-keys': [ '3.4.3' ],
30 silly audit   espree: [ '9.6.1' ],
30 silly audit   esquery: [ '1.5.0' ],
30 silly audit   esrecurse: [ '4.3.0' ],
30 silly audit   estraverse: [ '5.3.0' ],
30 silly audit   esutils: [ '2.0.3' ],
30 silly audit   'fast-deep-equal': [ '3.1.3', '2.0.1' ],
30 silly audit   'fast-glob': [ '3.3.2' ],
30 silly audit   'fast-json-stable-stringify': [ '2.1.0' ],
30 silly audit   'fast-levenshtein': [ '2.0.6' ],
30 silly audit   fastq: [ '1.17.1' ],
30 silly audit   'faye-websocket': [ '0.11.4' ],
30 silly audit   'file-entry-cache': [ '6.0.1' ],
30 silly audit   'fill-range': [ '7.1.1' ],
30 silly audit   'find-up': [ '5.0.0' ],
30 silly audit   firebase: [ '10.12.3' ],
30 silly audit   'flat-cache': [ '3.2.0' ],
30 silly audit   flatted: [ '3.3.1' ],
30 silly audit   'follow-redirects': [ '1.15.6' ],
30 silly audit   'for-each': [ '0.3.3' ],
30 silly audit   'foreground-child': [ '3.2.1' ],
30 silly audit   'form-data': [ '4.0.0' ],
30 silly audit   'fs.realpath': [ '1.0.0' ],
30 silly audit   fsevents: [ '2.3.3' ],
30 silly audit   'function-bind': [ '1.1.2' ],
30 silly audit   'function.prototype.name': [ '1.1.6' ],
30 silly audit   'functions-have-names': [ '1.2.3' ],
30 silly audit   'get-caller-file': [ '2.0.5' ],
30 silly audit   'get-intrinsic': [ '1.2.4' ],
30 silly audit   'get-symbol-description': [ '1.0.2' ],
30 silly audit   'get-tsconfig': [ '4.7.5' ],
30 silly audit   glob: [ '10.3.10', '7.2.3' ],
30 silly audit   'glob-to-regexp': [ '0.4.1' ],
30 silly audit   globals: [ '13.24.0' ],
30 silly audit   globalthis: [ '1.0.4' ],
30 silly audit   globby: [ '11.1.0' ],
30 silly audit   gopd: [ '1.0.1' ],
30 silly audit   'graceful-fs': [ '4.2.11' ],
30 silly audit   graphemer: [ '1.4.0' ],
30 silly audit   'has-bigints': [ '1.0.2' ],
30 silly audit   'has-flag': [ '4.0.0' ],
30 silly audit   'has-property-descriptors': [ '1.0.2' ],
30 silly audit   'has-proto': [ '1.0.3' ],
30 silly audit   'has-symbols': [ '1.0.3' ],
30 silly audit   'has-tostringtag': [ '1.0.2' ],
30 silly audit   hasown: [ '2.0.2' ],
30 silly audit   'html-to-text': [ '9.0.5' ],
30 silly audit   htmlparser2: [ '8.0.2' ],
30 silly audit   'http-parser-js': [ '0.5.8' ],
30 silly audit   idb: [ '7.1.1' ],
30 silly audit   ignore: [ '5.3.1' ],
30 silly audit   immer: [ '10.1.1' ],
30 silly audit   immutable: [ '4.3.6' ],
30 silly audit   'import-fresh': [ '3.3.0' ],
30 silly audit   imurmurhash: [ '0.1.4' ],
30 silly audit   inflight: [ '1.0.6' ],
30 silly audit   inherits: [ '2.0.4' ],
30 silly audit   ini: [ '1.3.8' ],
30 silly audit   'internal-slot': [ '1.0.7' ],
30 silly audit   'is-arguments': [ '1.1.1' ],
30 silly audit   'is-array-buffer': [ '3.0.4' ],
30 silly audit   'is-async-function': [ '2.0.0' ],
30 silly audit   'is-bigint': [ '1.0.4' ],
30 silly audit   'is-binary-path': [ '2.1.0' ],
30 silly audit   'is-boolean-object': [ '1.1.2' ],
30 silly audit   'is-callable': [ '1.2.7' ],
30 silly audit   'is-core-module': [ '2.14.0' ],
30 silly audit   'is-data-view': [ '1.0.1' ],
30 silly audit   'is-date-object': [ '1.0.5' ],
30 silly audit   'is-extglob': [ '2.1.1' ],
30 silly audit   'is-finalizationregistry': [ '1.0.2' ],
30 silly audit   'is-fullwidth-code-point': [ '3.0.0' ],
30 silly audit   'is-generator-function': [ '1.0.10' ],
30 silly audit   'is-glob': [ '4.0.3' ],
30 silly audit   'is-map': [ '2.0.3' ],
30 silly audit   'is-negative-zero': [ '2.0.3' ],
30 silly audit   'is-number': [ '7.0.0' ],
30 silly audit   'is-number-object': [ '1.0.7' ],
30 silly audit   'is-path-inside': [ '3.0.3' ],
30 silly audit   'is-regex': [ '1.1.4' ],
30 silly audit   'is-set': [ '2.0.3' ],
30 silly audit   'is-shared-array-buffer': [ '1.0.3' ],
30 silly audit   'is-string': [ '1.0.7' ],
30 silly audit   'is-symbol': [ '1.0.4' ],
30 silly audit   'is-typed-array': [ '1.1.13' ],
30 silly audit   'is-weakmap': [ '2.0.2' ],
30 silly audit   'is-weakref': [ '1.0.2' ],
30 silly audit   'is-weakset': [ '2.0.3' ],
30 silly audit   isarray: [ '2.0.5' ],
30 silly audit   isexe: [ '2.0.0' ],
30 silly audit   'iterator.prototype': [ '1.1.2' ],
30 silly audit   jackspeak: [ '2.3.6' ],
30 silly audit   'js-beautify': [ '1.15.1' ],
30 silly audit   'js-cookie': [ '3.0.5' ],
30 silly audit   'js-tokens': [ '4.0.0' ],
30 silly audit   'js-yaml': [ '4.1.0' ],
30 silly audit   'json-buffer': [ '3.0.1' ],
30 silly audit   'json-schema-traverse': [ '0.4.1' ],
30 silly audit   'json-stable-stringify-without-jsonify': [ '1.0.1' ],
30 silly audit   json5: [ '1.0.2' ],
30 silly audit   'jsx-ast-utils': [ '3.3.5' ],
30 silly audit   keyv: [ '4.5.4' ],
30 silly audit   'language-subtag-registry': [ '0.3.23' ],
30 silly audit   'language-tags': [ '1.0.9' ],
30 silly audit   leac: [ '0.6.0' ],
30 silly audit   levn: [ '0.4.1' ],
30 silly audit   'locate-path': [ '6.0.0' ],
30 silly audit   'lodash.camelcase': [ '4.3.0' ],
30 silly audit   'lodash.merge': [ '4.6.2' ],
30 silly audit   long: [ '5.2.3' ],
30 silly audit   'loose-envify': [ '1.4.0' ],
30 silly audit   'lru-cache': [ '10.3.1' ],
30 silly audit   merge2: [ '1.4.1' ],
30 silly audit   micromatch: [ '4.0.7' ],
30 silly audit   'mime-db': [ '1.52.0' ],
30 silly audit   'mime-types': [ '2.1.35' ],
30 silly audit   minimist: [ '1.2.8' ],
30 silly audit   minipass: [ '7.1.2' ],
30 silly audit   ms: [ '2.1.2' ],
30 silly audit   nanoid: [ '3.3.7' ],
30 silly audit   'natural-compare': [ '1.4.0' ],
30 silly audit   next: [ '14.2.4', '13.5.6' ],
30 silly audit   'nextjs-current-url': [ '1.0.3' ],
30 silly audit   nopt: [ '7.2.1' ],
30 silly audit   'normalize-path': [ '3.0.0' ],
30 silly audit   'object-assign': [ '4.1.1' ],
30 silly audit   'object-inspect': [ '1.13.2' ],
30 silly audit   'object-is': [ '1.1.6' ],
30 silly audit   'object-keys': [ '1.1.1' ],
30 silly audit   'object.assign': [ '4.1.5' ],
30 silly audit   'object.entries': [ '1.1.8' ],
30 silly audit   'object.fromentries': [ '2.0.8' ],
30 silly audit   'object.groupby': [ '1.0.3' ],
30 silly audit   'object.hasown': [ '1.1.4' ],
30 silly audit   'object.values': [ '1.2.0' ],
30 silly audit   once: [ '1.4.0' ],
30 silly audit   optionator: [ '0.9.4' ],
30 silly audit   'p-limit': [ '3.1.0' ],
30 silly audit   'p-locate': [ '5.0.0' ],
30 silly audit   'parent-module': [ '1.0.1' ],
30 silly audit   parseley: [ '0.12.1' ],
30 silly audit   'path-exists': [ '4.0.0' ],
30 silly audit   'path-is-absolute': [ '1.0.1' ],
30 silly audit   'path-key': [ '3.1.1' ],
30 silly audit   'path-parse': [ '1.0.7' ],
30 silly audit   'path-scurry': [ '1.11.1' ],
30 silly audit   'path-type': [ '4.0.0' ],
30 silly audit   peberminta: [ '0.9.0' ],
30 silly audit   picocolors: [ '1.0.1' ],
30 silly audit   picomatch: [ '2.3.1' ],
30 silly audit   'possible-typed-array-names': [ '1.0.0' ],
30 silly audit   postcss: [ '8.4.31' ],
30 silly audit   'prelude-ls': [ '1.2.1' ],
30 silly audit   'prop-types': [ '15.8.1' ],
30 silly audit   'proto-list': [ '1.2.4' ],
30 silly audit   protobufjs: [ '7.3.2' ],
30 silly audit   'proxy-from-env': [ '1.1.0' ],
30 silly audit   punycode: [ '2.3.1' ],
30 silly audit   'queue-microtask': [ '1.2.3' ],
30 silly audit   react: [ '18.3.1' ],
30 silly audit   'react-dom': [ '18.3.1' ],
30 silly audit   'react-is': [ '16.13.1' ],
30 silly audit   'react-promise-suspense': [ '0.3.4' ],
30 silly audit   'react-redux': [ '9.1.2' ],
30 silly audit   'react-toastify': [ '10.0.5' ],
30 silly audit   readdirp: [ '3.6.0' ],
30 silly audit   redux: [ '5.0.1' ],
30 silly audit   'redux-logger': [ '3.0.6' ],
30 silly audit   'redux-persist': [ '6.0.0' ],
30 silly audit   'redux-thunk': [ '3.1.0' ],
30 silly audit   'reflect.getprototypeof': [ '1.0.6' ],
30 silly audit   'regexp.prototype.flags': [ '1.5.2' ],
30 silly audit   'require-directory': [ '2.1.1' ],
30 silly audit   reselect: [ '5.1.1' ],
30 silly audit   resend: [ '3.4.0' ],
30 silly audit   'resolve-from': [ '4.0.0' ],
30 silly audit   'resolve-pkg-maps': [ '1.0.0' ],
30 silly audit   reusify: [ '1.0.4' ],
30 silly audit   rimraf: [ '3.0.2' ],
30 silly audit   'run-parallel': [ '1.2.0' ],
30 silly audit   'safe-array-concat': [ '1.1.2' ],
30 silly audit   'safe-buffer': [ '5.2.1' ],
30 silly audit   'safe-regex-test': [ '1.0.3' ],
30 silly audit   sass: [ '1.77.6' ],
30 silly audit   scheduler: [ '0.23.2' ],
30 silly audit   selderee: [ '0.11.0' ],
30 silly audit   'set-function-length': [ '1.2.2' ],
30 silly audit   'set-function-name': [ '2.0.2' ],
30 silly audit   'shebang-command': [ '2.0.0' ],
30 silly audit   'shebang-regex': [ '3.0.0' ],
30 silly audit   'side-channel': [ '1.0.6' ],
30 silly audit   'signal-exit': [ '4.1.0' ],
30 silly audit   slash: [ '3.0.0' ],
30 silly audit   'source-map-js': [ '1.2.0' ],
30 silly audit   'stop-iteration-iterator': [ '1.0.0' ],
30 silly audit   streamsearch: [ '1.1.0' ],
30 silly audit   'string.prototype.includes': [ '2.0.0' ],
30 silly audit   'string.prototype.matchall': [ '4.0.11' ],
30 silly audit   'string.prototype.trim': [ '1.2.9' ],
30 silly audit   'string.prototype.trimend': [ '1.0.8' ],
30 silly audit   'string.prototype.trimstart': [ '1.0.8' ],
30 silly audit   'strip-bom': [ '3.0.0' ],
30 silly audit   'strip-json-comments': [ '3.1.1' ],
30 silly audit   'styled-jsx': [ '5.1.1' ],
30 silly audit   'supports-color': [ '7.2.0' ],
30 silly audit   'supports-preserve-symlinks-flag': [ '1.0.0' ],
30 silly audit   tapable: [ '2.2.1' ],
30 silly audit   'text-table': [ '0.2.0' ],
30 silly audit   'to-regex-range': [ '5.0.1' ],
30 silly audit   'ts-api-utils': [ '1.3.0' ],
30 silly audit   'tsconfig-paths': [ '3.15.0' ],
30 silly audit   tslib: [ '2.6.3' ],
30 silly audit   'type-check': [ '0.4.0' ],
30 silly audit   'type-fest': [ '0.20.2' ],
30 silly audit   'typed-array-buffer': [ '1.0.2' ],
30 silly audit   'typed-array-byte-length': [ '1.0.1' ],
30 silly audit   'typed-array-byte-offset': [ '1.0.2' ],
30 silly audit   'typed-array-length': [ '1.0.6' ],
30 silly audit   typescript: [ '5.5.3' ],
30 silly audit   'unbox-primitive': [ '1.0.2' ],
30 silly audit   undici: [ '5.28.4' ],
30 silly audit   'undici-types': [ '5.26.5' ],
30 silly audit   'uri-js': [ '4.4.1' ],
30 silly audit   'use-sync-external-store': [ '1.2.2' ],
30 silly audit   uuid: [ '10.0.0' ],
30 silly audit   watchpack: [ '2.4.0' ],
30 silly audit   'websocket-driver': [ '0.7.4' ],
30 silly audit   'websocket-extensions': [ '0.1.4' ],
30 silly audit   which: [ '2.0.2' ],
30 silly audit   'which-boxed-primitive': [ '1.0.2' ],
30 silly audit   'which-builtin-type': [ '1.1.3' ],
30 silly audit   'which-collection': [ '1.0.2' ],
30 silly audit   'which-typed-array': [ '1.1.15' ],
30 silly audit   'word-wrap': [ '1.2.5' ],
30 silly audit   wrappy: [ '1.0.2' ],
30 silly audit   y18n: [ '5.0.8' ],
30 silly audit   yargs: [ '17.7.2' ],
30 silly audit   'yargs-parser': [ '21.1.1' ],
30 silly audit   'yocto-queue': [ '0.1.0' ],
30 silly audit   '@tanstack/react-query': [ '5.85.5' ],
30 silly audit   '@tanstack/query-core': [ '5.85.5' ]
30 silly audit }
31 verbose reify failed optional dependency C:\Users\tives\Documents\projects\react\ogalandlord\node_modules\fsevents
32 silly reify mark deleted [
32 silly reify   'C:\\Users\\tives\\Documents\\projects\\react\\ogalandlord\\node_modules\\fsevents'
32 silly reify ]
33 verbose reify failed optional dependency C:\Users\tives\Documents\projects\react\ogalandlord\node_modules\@next\swc-win32-ia32-msvc
34 silly reify mark deleted [
34 silly reify   'C:\\Users\\tives\\Documents\\projects\\react\\ogalandlord\\node_modules\\@next\\swc-win32-ia32-msvc'
34 silly reify ]
35 verbose reify failed optional dependency C:\Users\tives\Documents\projects\react\ogalandlord\node_modules\@next\swc-win32-arm64-msvc
36 silly reify mark deleted [
36 silly reify   'C:\\Users\\tives\\Documents\\projects\\react\\ogalandlord\\node_modules\\@next\\swc-win32-arm64-msvc'
36 silly reify ]
37 verbose reify failed optional dependency C:\Users\tives\Documents\projects\react\ogalandlord\node_modules\@next\swc-linux-x64-musl
38 silly reify mark deleted [
38 silly reify   'C:\\Users\\tives\\Documents\\projects\\react\\ogalandlord\\node_modules\\@next\\swc-linux-x64-musl'
38 silly reify ]
39 verbose reify failed optional dependency C:\Users\tives\Documents\projects\react\ogalandlord\node_modules\@next\swc-linux-x64-gnu
40 silly reify mark deleted [
40 silly reify   'C:\\Users\\tives\\Documents\\projects\\react\\ogalandlord\\node_modules\\@next\\swc-linux-x64-gnu'
40 silly reify ]
41 verbose reify failed optional dependency C:\Users\tives\Documents\projects\react\ogalandlord\node_modules\@next\swc-linux-arm64-musl
42 silly reify mark deleted [
42 silly reify   'C:\\Users\\tives\\Documents\\projects\\react\\ogalandlord\\node_modules\\@next\\swc-linux-arm64-musl'
42 silly reify ]
43 verbose reify failed optional dependency C:\Users\tives\Documents\projects\react\ogalandlord\node_modules\@next\swc-linux-arm64-gnu
44 silly reify mark deleted [
44 silly reify   'C:\\Users\\tives\\Documents\\projects\\react\\ogalandlord\\node_modules\\@next\\swc-linux-arm64-gnu'
44 silly reify ]
45 verbose reify failed optional dependency C:\Users\tives\Documents\projects\react\ogalandlord\node_modules\@next\swc-darwin-x64
46 silly reify mark deleted [
46 silly reify   'C:\\Users\\tives\\Documents\\projects\\react\\ogalandlord\\node_modules\\@next\\swc-darwin-x64'
46 silly reify ]
47 verbose reify failed optional dependency C:\Users\tives\Documents\projects\react\ogalandlord\node_modules\@next\swc-darwin-arm64
48 silly reify mark deleted [
48 silly reify   'C:\\Users\\tives\\Documents\\projects\\react\\ogalandlord\\node_modules\\@next\\swc-darwin-arm64'
48 silly reify ]
49 verbose reify failed optional dependency C:\Users\tives\Documents\projects\react\ogalandlord\node_modules\nextjs-current-url\node_modules\@next\swc-win32-ia32-msvc
50 silly reify mark deleted [
50 silly reify   'C:\\Users\\tives\\Documents\\projects\\react\\ogalandlord\\node_modules\\nextjs-current-url\\node_modules\\@next\\swc-win32-ia32-msvc'
50 silly reify ]
51 verbose reify failed optional dependency C:\Users\tives\Documents\projects\react\ogalandlord\node_modules\nextjs-current-url\node_modules\@next\swc-win32-arm64-msvc
52 silly reify mark deleted [
52 silly reify   'C:\\Users\\tives\\Documents\\projects\\react\\ogalandlord\\node_modules\\nextjs-current-url\\node_modules\\@next\\swc-win32-arm64-msvc'
52 silly reify ]
53 verbose reify failed optional dependency C:\Users\tives\Documents\projects\react\ogalandlord\node_modules\nextjs-current-url\node_modules\@next\swc-linux-x64-musl
54 silly reify mark deleted [
54 silly reify   'C:\\Users\\tives\\Documents\\projects\\react\\ogalandlord\\node_modules\\nextjs-current-url\\node_modules\\@next\\swc-linux-x64-musl'
54 silly reify ]
55 verbose reify failed optional dependency C:\Users\tives\Documents\projects\react\ogalandlord\node_modules\nextjs-current-url\node_modules\@next\swc-linux-x64-gnu
56 silly reify mark deleted [
56 silly reify   'C:\\Users\\tives\\Documents\\projects\\react\\ogalandlord\\node_modules\\nextjs-current-url\\node_modules\\@next\\swc-linux-x64-gnu'
56 silly reify ]
57 verbose reify failed optional dependency C:\Users\tives\Documents\projects\react\ogalandlord\node_modules\nextjs-current-url\node_modules\@next\swc-linux-arm64-musl
58 silly reify mark deleted [
58 silly reify   'C:\\Users\\tives\\Documents\\projects\\react\\ogalandlord\\node_modules\\nextjs-current-url\\node_modules\\@next\\swc-linux-arm64-musl'
58 silly reify ]
59 verbose reify failed optional dependency C:\Users\tives\Documents\projects\react\ogalandlord\node_modules\nextjs-current-url\node_modules\@next\swc-linux-arm64-gnu
60 silly reify mark deleted [
60 silly reify   'C:\\Users\\tives\\Documents\\projects\\react\\ogalandlord\\node_modules\\nextjs-current-url\\node_modules\\@next\\swc-linux-arm64-gnu'
60 silly reify ]
61 verbose reify failed optional dependency C:\Users\tives\Documents\projects\react\ogalandlord\node_modules\nextjs-current-url\node_modules\@next\swc-darwin-x64
62 silly reify mark deleted [
62 silly reify   'C:\\Users\\tives\\Documents\\projects\\react\\ogalandlord\\node_modules\\nextjs-current-url\\node_modules\\@next\\swc-darwin-x64'
62 silly reify ]
63 verbose reify failed optional dependency C:\Users\tives\Documents\projects\react\ogalandlord\node_modules\nextjs-current-url\node_modules\@next\swc-darwin-arm64
64 silly reify mark deleted [
64 silly reify   'C:\\Users\\tives\\Documents\\projects\\react\\ogalandlord\\node_modules\\nextjs-current-url\\node_modules\\@next\\swc-darwin-arm64'
64 silly reify ]
65 http cache @tanstack/react-query@https://registry.npmjs.org/@tanstack/react-query/-/react-query-5.85.5.tgz 0ms (cache hit)
66 http cache @tanstack/query-core@https://registry.npmjs.org/@tanstack/query-core/-/query-core-5.85.5.tgz 0ms (cache hit)
67 silly tarball no local data for @tanstack/react-query@https://registry.npmjs.org/@tanstack/react-query/-/react-query-5.85.5.tgz. Extracting by manifest.
68 silly tarball no local data for @tanstack/query-core@https://registry.npmjs.org/@tanstack/query-core/-/query-core-5.85.5.tgz. Extracting by manifest.
69 http fetch POST 200 https://registry.npmjs.org/-/npm/v1/security/advisories/bulk 347ms
70 silly audit report {
70 silly audit report   'brace-expansion': [
70 silly audit report     {
70 silly audit report       id: 1105443,
70 silly audit report       url: 'https://github.com/advisories/GHSA-v6h2-p8h4-qcjw',
70 silly audit report       title: 'brace-expansion Regular Expression Denial of Service vulnerability',
70 silly audit report       severity: 'low',
70 silly audit report       vulnerable_versions: '>=1.0.0 <=1.1.11',
70 silly audit report       cwe: [Array],
70 silly audit report       cvss: [Object]
70 silly audit report     },
70 silly audit report     {
70 silly audit report       id: 1105444,
70 silly audit report       url: 'https://github.com/advisories/GHSA-v6h2-p8h4-qcjw',
70 silly audit report       title: 'brace-expansion Regular Expression Denial of Service vulnerability',
70 silly audit report       severity: 'low',
70 silly audit report       vulnerable_versions: '>=2.0.0 <=2.0.1',
70 silly audit report       cwe: [Array],
70 silly audit report       cvss: [Object]
70 silly audit report     }
70 silly audit report   ],
70 silly audit report   axios: [
70 silly audit report     {
70 silly audit report       id: 1103618,
70 silly audit report       url: 'https://github.com/advisories/GHSA-jr5f-v2jv-69x6',
70 silly audit report       title: 'axios Requests Vulnerable To Possible SSRF and Credential Leakage via Absolute URL',
70 silly audit report       severity: 'high',
70 silly audit report       vulnerable_versions: '>=1.0.0 <1.8.2',
70 silly audit report       cwe: [Array],
70 silly audit report       cvss: [Object]
70 silly audit report     },
70 silly audit report     {
70 silly audit report       id: 1098583,
70 silly audit report       url: 'https://github.com/advisories/GHSA-8hc4-vh64-cxmj',
70 silly audit report       title: 'Server-Side Request Forgery in axios',
70 silly audit report       severity: 'high',
70 silly audit report       vulnerable_versions: '>=1.3.2 <=1.7.3',
70 silly audit report       cwe: [Array],
70 silly audit report       cvss: [Object]
70 silly audit report     }
70 silly audit report   ],
70 silly audit report   'cross-spawn': [
70 silly audit report     {
70 silly audit report       id: 1104664,
70 silly audit report       url: 'https://github.com/advisories/GHSA-3xgq-45jj-v275',
70 silly audit report       title: 'Regular Expression Denial of Service (ReDoS) in cross-spawn',
70 silly audit report       severity: 'high',
70 silly audit report       vulnerable_versions: '>=7.0.0 <7.0.5',
70 silly audit report       cwe: [Array],
70 silly audit report       cvss: [Object]
70 silly audit report     }
70 silly audit report   ],
70 silly audit report   'form-data': [
70 silly audit report     {
70 silly audit report       id: 1106507,
70 silly audit report       url: 'https://github.com/advisories/GHSA-fjxv-7rqg-78g4',
70 silly audit report       title: 'form-data uses unsafe random function in form-data for choosing boundary',
70 silly audit report       severity: 'critical',
70 silly audit report       vulnerable_versions: '>=4.0.0 <4.0.4',
70 silly audit report       cwe: [Array],
70 silly audit report       cvss: [Object]
70 silly audit report     }
70 silly audit report   ],
70 silly audit report   micromatch: [
70 silly audit report     {
70 silly audit report       id: 1098681,
70 silly audit report       url: 'https://github.com/advisories/GHSA-952p-6rrq-rcjv',
70 silly audit report       title: 'Regular Expression Denial of Service (ReDoS) in micromatch',
70 silly audit report       severity: 'moderate',
70 silly audit report       vulnerable_versions: '<4.0.8',
70 silly audit report       cwe: [Array],
70 silly audit report       cvss: [Object]
70 silly audit report     }
70 silly audit report   ],
70 silly audit report   nanoid: [
70 silly audit report     {
70 silly audit report       id: 1101163,
70 silly audit report       url: 'https://github.com/advisories/GHSA-mwcw-c2x4-8c55',
70 silly audit report       title: 'Predictable results in nanoid generation when given non-integer values',
70 silly audit report       severity: 'moderate',
70 silly audit report       vulnerable_versions: '<3.3.8',
70 silly audit report       cwe: [Array],
70 silly audit report       cvss: [Object]
70 silly audit report     }
70 silly audit report   ],
70 silly audit report   next: [
70 silly audit report     {
70 silly audit report       id: 1099638,
70 silly audit report       url: 'https://github.com/advisories/GHSA-gp8f-8m3g-qvj9',
70 silly audit report       title: 'Next.js Cache Poisoning',
70 silly audit report       severity: 'high',
70 silly audit report       vulnerable_versions: '>=14.0.0 <14.2.10',
70 silly audit report       cwe: [Array],
70 silly audit report       cvss: [Object]
70 silly audit report     },
70 silly audit report     {
70 silly audit report       id: 1099639,
70 silly audit report       url: 'https://github.com/advisories/GHSA-gp8f-8m3g-qvj9',
70 silly audit report       title: 'Next.js Cache Poisoning',
70 silly audit report       severity: 'high',
70 silly audit report       vulnerable_versions: '>=13.5.1 <13.5.7',
70 silly audit report       cwe: [Array],
70 silly audit report       cvss: [Object]
70 silly audit report     },
70 silly audit report     {
70 silly audit report       id: 1100421,
70 silly audit report       url: 'https://github.com/advisories/GHSA-g77x-44xx-532m',
70 silly audit report       title: 'Denial of Service condition in Next.js image optimization',
70 silly audit report       severity: 'moderate',
70 silly audit report       vulnerable_versions: '>=10.0.0 <14.2.7',
70 silly audit report       cwe: [Array],
70 silly audit report       cvss: [Object]
70 silly audit report     },
70 silly audit report     {
70 silly audit report       id: 1101380,
70 silly audit report       url: 'https://github.com/advisories/GHSA-7gfc-8cq8-jh5f',
70 silly audit report       title: 'Next.js authorization bypass vulnerability',
70 silly audit report       severity: 'high',
70 silly audit report       vulnerable_versions: '>=9.5.5 <14.2.15',
70 silly audit report       cwe: [Array],
70 silly audit report       cvss: [Object]
70 silly audit report     },
70 silly audit report     {
70 silly audit report       id: 1101438,
70 silly audit report       url: 'https://github.com/advisories/GHSA-7m27-7ghc-44w9',
70 silly audit report       title: 'Next.js Allows a Denial of Service (DoS) with Server Actions',
70 silly audit report       severity: 'moderate',
70 silly audit report       vulnerable_versions: '>=14.0.0 <14.2.21',
70 silly audit report       cwe: [Array],
70 silly audit report       cvss: [Object]
70 silly audit report     },
70 silly audit report     {
70 silly audit report       id: 1101439,
70 silly audit report       url: 'https://github.com/advisories/GHSA-7m27-7ghc-44w9',
70 silly audit report       title: 'Next.js Allows a Denial of Service (DoS) with Server Actions',
70 silly audit report       severity: 'moderate',
70 silly audit report       vulnerable_versions: '>=13.0.0 <13.5.8',
70 silly audit report       cwe: [Array],
70 silly audit report       cvss: [Object]
70 silly audit report     },
70 silly audit report     {
70 silly audit report       id: 1104490,
70 silly audit report       url: 'https://github.com/advisories/GHSA-qpjv-v59x-3qc4',
70 silly audit report       title: 'Next.js Race Condition to Cache Poisoning',
70 silly audit report       severity: 'low',
70 silly audit report       vulnerable_versions: '<14.2.24',
70 silly audit report       cwe: [Array],
70 silly audit report       cvss: [Object]
70 silly audit report     },
70 silly audit report     {
70 silly audit report       id: 1105461,
70 silly audit report       url: 'https://github.com/advisories/GHSA-3h52-269p-cp9r',
70 silly audit report       title: 'Information exposure in Next.js dev server due to lack of origin verification',
70 silly audit report       severity: 'low',
70 silly audit report       vulnerable_versions: '>=13.0 <14.2.30',
70 silly audit report       cwe: [Array],
70 silly audit report       cvss: [Object]
70 silly audit report     },
70 silly audit report     {
70 silly audit report       id: 1106692,
70 silly audit report       url: 'https://github.com/advisories/GHSA-f82v-jwr5-mffw',
70 silly audit report       title: 'Authorization Bypass in Next.js Middleware',
70 silly audit report       severity: 'critical',
70 silly audit report       vulnerable_versions: '>=14.0.0 <14.2.25',
70 silly audit report       cwe: [Array],
70 silly audit report       cvss: [Object]
70 silly audit report     },
70 silly audit report     {
70 silly audit report       id: 1106693,
70 silly audit report       url: 'https://github.com/advisories/GHSA-f82v-jwr5-mffw',
70 silly audit report       title: 'Authorization Bypass in Next.js Middleware',
70 silly audit report       severity: 'critical',
70 silly audit report       vulnerable_versions: '>=13.0.0 <13.5.9',
70 silly audit report       cwe: [Array],
70 silly audit report       cvss: [Object]
70 silly audit report     },
70 silly audit report     {
70 silly audit report       id: 1097295,
70 silly audit report       url: 'https://github.com/advisories/GHSA-fr5h-rqp8-mj6g',
70 silly audit report       title: 'Next.js Server-Side Request Forgery in Server Actions',
70 silly audit report       severity: 'high',
70 silly audit report       vulnerable_versions: '>=13.4.0 <14.1.1',
70 silly audit report       cwe: [Array],
70 silly audit report       cvss: [Object]
70 silly audit report     }
70 silly audit report   ],
70 silly audit report   undici: [
70 silly audit report     {
70 silly audit report       id: 1101610,
70 silly audit report       url: 'https://github.com/advisories/GHSA-c76h-2ccp-4975',
70 silly audit report       title: 'Use of Insufficiently Random Values in undici',
70 silly audit report       severity: 'moderate',
70 silly audit report       vulnerable_versions: '>=4.5.0 <5.28.5',
70 silly audit report       cwe: [Array],
70 silly audit report       cvss: [Object]
70 silly audit report     },
70 silly audit report     {
70 silly audit report       id: 1104501,
70 silly audit report       url: 'https://github.com/advisories/GHSA-cxrh-j4jr-qwg3',
70 silly audit report       title: 'undici Denial of Service attack via bad certificate data',
70 silly audit report       severity: 'low',
70 silly audit report       vulnerable_versions: '<5.29.0',
70 silly audit report       cwe: [Array],
70 silly audit report       cvss: [Object]
70 silly audit report     }
70 silly audit report   ]
70 silly audit report }
71 silly packumentCache corgi:https://registry.npmjs.org/brace-expansion cache-miss
72 silly packumentCache corgi:https://registry.npmjs.org/axios cache-miss
73 silly packumentCache corgi:https://registry.npmjs.org/cross-spawn cache-miss
74 silly packumentCache corgi:https://registry.npmjs.org/form-data cache-miss
75 silly packumentCache corgi:https://registry.npmjs.org/micromatch cache-miss
76 silly packumentCache corgi:https://registry.npmjs.org/nanoid cache-miss
77 silly packumentCache corgi:https://registry.npmjs.org/next cache-miss
78 silly packumentCache corgi:https://registry.npmjs.org/undici cache-miss
79 http fetch GET 200 https://registry.npmjs.org/brace-expansion 193ms (cache miss)
80 silly packumentCache corgi:https://registry.npmjs.org/brace-expansion set size:undefined disposed:false
81 http fetch GET 200 https://registry.npmjs.org/form-data 696ms (cache miss)
82 silly packumentCache corgi:https://registry.npmjs.org/form-data set size:undefined disposed:false
83 http fetch GET 200 https://registry.npmjs.org/cross-spawn 757ms (cache revalidated)
84 silly packumentCache corgi:https://registry.npmjs.org/cross-spawn set size:44626 disposed:false
85 http fetch GET 200 https://registry.npmjs.org/micromatch 765ms (cache revalidated)
86 silly packumentCache corgi:https://registry.npmjs.org/micromatch set size:71776 disposed:false
87 http fetch GET 200 https://registry.npmjs.org/nanoid 779ms (cache revalidated)
88 silly packumentCache corgi:https://registry.npmjs.org/nanoid set size:143800 disposed:false
89 http fetch GET 200 https://registry.npmjs.org/axios 846ms (cache updated)
90 silly packumentCache corgi:https://registry.npmjs.org/axios set size:undefined disposed:false
91 http fetch GET 200 https://registry.npmjs.org/undici 901ms (cache updated)
92 silly packumentCache corgi:https://registry.npmjs.org/undici set size:undefined disposed:false
93 http fetch GET 200 https://registry.npmjs.org/next 1840ms (cache updated)
94 silly packumentCache corgi:https://registry.npmjs.org/next set size:undefined disposed:false
95 silly packumentCache corgi:https://registry.npmjs.org/minimatch cache-miss
96 http fetch GET 200 https://registry.npmjs.org/minimatch 267ms (cache miss)
97 silly packumentCache corgi:https://registry.npmjs.org/minimatch set size:undefined disposed:false
98 silly packumentCache corgi:https://registry.npmjs.org/eslint cache-miss
99 silly packumentCache corgi:https://registry.npmjs.org/foreground-child cache-miss
100 http fetch GET 200 https://registry.npmjs.org/foreground-child 322ms (cache revalidated)
101 silly packumentCache corgi:https://registry.npmjs.org/foreground-child set size:21249 disposed:false
102 http fetch GET 200 https://registry.npmjs.org/eslint 644ms (cache updated)
103 silly packumentCache corgi:https://registry.npmjs.org/eslint set size:undefined disposed:false
104 silly packumentCache corgi:https://registry.npmjs.org/fast-glob cache-miss
105 http fetch GET 200 https://registry.npmjs.org/fast-glob 228ms (cache revalidated)
106 silly packumentCache corgi:https://registry.npmjs.org/fast-glob set size:86036 disposed:false
107 silly packumentCache corgi:https://registry.npmjs.org/postcss cache-miss
108 http fetch GET 200 https://registry.npmjs.org/postcss 478ms (cache updated)
109 silly packumentCache corgi:https://registry.npmjs.org/postcss set size:undefined disposed:false
110 silly packumentCache corgi:https://registry.npmjs.org/nextjs-current-url cache-miss
111 http fetch GET 200 https://registry.npmjs.org/@tanstack/query-core/-/query-core-5.85.5.tgz 7202ms (cache miss)
112 http fetch GET 200 https://registry.npmjs.org/@tanstack/react-query/-/react-query-5.85.5.tgz 7238ms (cache miss)
113 http fetch GET 200 https://registry.npmjs.org/nextjs-current-url 2293ms (cache revalidated)
114 silly packumentCache corgi:https://registry.npmjs.org/nextjs-current-url set size:3011 disposed:false
115 silly packumentCache corgi:https://registry.npmjs.org/@firebase%2fauth-compat cache-miss
116 silly packumentCache corgi:https://registry.npmjs.org/@firebase%2fauth cache-miss
117 silly packumentCache corgi:https://registry.npmjs.org/@firebase%2ffirestore cache-miss
118 silly packumentCache corgi:https://registry.npmjs.org/@firebase%2ffunctions cache-miss
119 silly packumentCache corgi:https://registry.npmjs.org/@firebase%2fstorage cache-miss
120 http fetch GET 200 https://registry.npmjs.org/@firebase%2fauth-compat 649ms (cache updated)
121 silly packumentCache corgi:https://registry.npmjs.org/@firebase%2fauth-compat set size:undefined disposed:false
122 http fetch GET 200 https://registry.npmjs.org/@firebase%2fstorage 953ms (cache updated)
123 silly packumentCache corgi:https://registry.npmjs.org/@firebase%2fstorage set size:undefined disposed:false
124 http fetch GET 200 https://registry.npmjs.org/@firebase%2ffunctions 1448ms (cache updated)
125 silly packumentCache corgi:https://registry.npmjs.org/@firebase%2ffunctions set size:undefined disposed:false
126 http fetch GET 200 https://registry.npmjs.org/@firebase%2fauth 1948ms (cache updated)
127 silly packumentCache corgi:https://registry.npmjs.org/@firebase%2fauth set size:undefined disposed:false
128 http fetch GET 200 https://registry.npmjs.org/@firebase%2ffirestore 2498ms (cache updated)
129 silly packumentCache corgi:https://registry.npmjs.org/@firebase%2ffirestore set size:undefined disposed:false
130 silly packumentCache corgi:https://registry.npmjs.org/firebase cache-miss
131 http fetch GET 200 https://registry.npmjs.org/firebase 1075ms (cache updated)
132 silly packumentCache corgi:https://registry.npmjs.org/firebase set size:undefined disposed:false
133 silly packumentCache corgi:https://registry.npmjs.org/@firebase%2fstorage-compat cache-miss
134 http fetch GET 200 https://registry.npmjs.org/@firebase%2fstorage-compat 21344ms (cache updated)
135 silly packumentCache corgi:https://registry.npmjs.org/@firebase%2fstorage-compat set size:undefined disposed:false
136 silly packumentCache corgi:https://registry.npmjs.org/@firebase%2ffunctions-compat cache-miss
